# JRE version: OpenJDK Runtime Environment (11.0.10) (build 11.0.10+0-b96-7249189)
# Java VM: OpenJDK 64-Bit Server VM (11.0.10+0-b96-7249189, mixed mode, tiered, compressed oops, g1 gc, windows-amd64)
Heap:
 garbage-first heap   total 157696K, used 66423K [0x0000000080000000, 0x0000000100000000)
  region size 1024K, 13 young (13312K), 6 survivors (6144K)
 Metaspace       used 69068K, capacity 70722K, committed 70988K, reserved 1112064K
  class space    used 8688K, capacity 9278K, committed 9292K, reserved 1048576K
GC Heap History (20 events):
Event: 4.884 GC heap before
{Heap before GC invocations=1 (full 0):
 garbage-first heap   total 131072K, used 84715K [0x0000000080000000, 0x0000000100000000)
  region size 1024K, 76 young (77824K), 2 survivors (2048K)
 Metaspace       used 17141K, capacity 17589K, committed 17792K, reserved 1064960K
  class space    used 1967K, capacity 2088K, committed 2176K, reserved 1048576K
}
Event: 4.900 GC heap after
{Heap after GC invocations=2 (full 0):
 garbage-first heap   total 131072K, used 15375K [0x0000000080000000, 0x0000000100000000)
  region size 1024K, 10 young (10240K), 10 survivors (10240K)
 Metaspace       used 17141K, capacity 17589K, committed 17792K, reserved 1064960K
  class space    used 1967K, capacity 2088K, committed 2176K, reserved 1048576K
}
Event: 5.475 GC heap before
{Heap before GC invocations=2 (full 0):
 garbage-first heap   total 131072K, used 45071K [0x0000000080000000, 0x0000000100000000)
  region size 1024K, 40 young (40960K), 10 survivors (10240K)
 Metaspace       used 20535K, capacity 21092K, committed 21248K, reserved 1067008K
  class space    used 2504K, capacity 2690K, committed 2816K, reserved 1048576K
}
Event: 5.488 GC heap after
{Heap after GC invocations=3 (full 0):
 garbage-first heap   total 131072K, used 16798K [0x0000000080000000, 0x0000000100000000)
  region size 1024K, 2 young (2048K), 2 survivors (2048K)
 Metaspace       used 20535K, capacity 21092K, committed 21248K, reserved 1067008K
  class space    used 2504K, capacity 2690K, committed 2816K, reserved 1048576K
}
Event: 7.096 GC heap before
{Heap before GC invocations=4 (full 0):
 garbage-first heap   total 131072K, used 85406K [0x0000000080000000, 0x0000000100000000)
  region size 1024K, 70 young (71680K), 2 survivors (2048K)
 Metaspace       used 26898K, capacity 27643K, committed 27904K, reserved 1073152K
  class space    used 3549K, capacity 3795K, committed 3840K, reserved 1048576K
}
Event: 7.102 GC heap after
{Heap after GC invocations=5 (full 0):
 garbage-first heap   total 131072K, used 18685K [0x0000000080000000, 0x0000000100000000)
  region size 1024K, 4 young (4096K), 4 survivors (4096K)
 Metaspace       used 26898K, capacity 27643K, committed 27904K, reserved 1073152K
  class space    used 3549K, capacity 3795K, committed 3840K, reserved 1048576K
}
Event: 8.691 GC heap before
{Heap before GC invocations=5 (full 0):
 garbage-first heap   total 131072K, used 60669K [0x0000000080000000, 0x0000000100000000)
  region size 1024K, 47 young (48128K), 4 survivors (4096K)
 Metaspace       used 35068K, capacity 35826K, committed 35840K, reserved 1081344K
  class space    used 4543K, capacity 4864K, committed 4864K, reserved 1048576K
}
Event: 8.704 GC heap after
{Heap after GC invocations=6 (full 0):
 garbage-first heap   total 131072K, used 21890K [0x0000000080000000, 0x0000000100000000)
  region size 1024K, 7 young (7168K), 7 survivors (7168K)
 Metaspace       used 35068K, capacity 35826K, committed 35840K, reserved 1081344K
  class space    used 4543K, capacity 4864K, committed 4864K, reserved 1048576K
}
Event: 10.886 GC heap before
{Heap before GC invocations=7 (full 0):
 garbage-first heap   total 131072K, used 95618K [0x0000000080000000, 0x0000000100000000)
  region size 1024K, 76 young (77824K), 7 survivors (7168K)
 Metaspace       used 41727K, capacity 42686K, committed 42828K, reserved 1087488K
  class space    used 5284K, capacity 5624K, committed 5708K, reserved 1048576K
}
Event: 10.903 GC heap after
{Heap after GC invocations=8 (full 0):
 garbage-first heap   total 131072K, used 26618K [0x0000000080000000, 0x0000000100000000)
  region size 1024K, 8 young (8192K), 8 survivors (8192K)
 Metaspace       used 41727K, capacity 42686K, committed 42828K, reserved 1087488K
  class space    used 5284K, capacity 5624K, committed 5708K, reserved 1048576K
}
Event: 12.852 GC heap before
{Heap before GC invocations=8 (full 0):
 garbage-first heap   total 131072K, used 96250K [0x0000000080000000, 0x0000000100000000)
  region size 1024K, 76 young (77824K), 8 survivors (8192K)
 Metaspace       used 45851K, capacity 46957K, committed 47052K, reserved 1089536K
  class space    used 5867K, capacity 6261K, committed 6348K, reserved 1048576K
}
Event: 12.868 GC heap after
{Heap after GC invocations=9 (full 0):
 garbage-first heap   total 131072K, used 29907K [0x0000000080000000, 0x0000000100000000)
  region size 1024K, 8 young (8192K), 8 survivors (8192K)
 Metaspace       used 45851K, capacity 46957K, committed 47052K, reserved 1089536K
  class space    used 5867K, capacity 6261K, committed 6348K, reserved 1048576K
}
Event: 15.074 GC heap before
{Heap before GC invocations=9 (full 0):
 garbage-first heap   total 131072K, used 107731K [0x0000000080000000, 0x0000000100000000)
  region size 1024K, 76 young (77824K), 8 survivors (8192K)
 Metaspace       used 50490K, capacity 51838K, committed 52044K, reserved 1093632K
  class space    used 6421K, capacity 6908K, committed 6988K, reserved 1048576K
}
Event: 15.095 GC heap after
{Heap after GC invocations=10 (full 0):
 garbage-first heap   total 131072K, used 47055K [0x0000000080000000, 0x0000000100000000)
  region size 1024K, 10 young (10240K), 10 survivors (10240K)
 Metaspace       used 50490K, capacity 51838K, committed 52044K, reserved 1093632K
  class space    used 6421K, capacity 6908K, committed 6988K, reserved 1048576K
}
Event: 17.060 GC heap before
{Heap before GC invocations=10 (full 0):
 garbage-first heap   total 131072K, used 97231K [0x0000000080000000, 0x0000000100000000)
  region size 1024K, 60 young (61440K), 10 survivors (10240K)
 Metaspace       used 58689K, capacity 60154K, committed 60288K, reserved 1101824K
  class space    used 7391K, capacity 7928K, committed 8012K, reserved 1048576K
}
Event: 17.091 GC heap after
{Heap after GC invocations=11 (full 0):
 garbage-first heap   total 157696K, used 50381K [0x0000000080000000, 0x0000000100000000)
  region size 1024K, 3 young (3072K), 3 survivors (3072K)
 Metaspace       used 58689K, capacity 60154K, committed 60288K, reserved 1101824K
  class space    used 7391K, capacity 7928K, committed 8012K, reserved 1048576K
}
Event: 20.113 GC heap before
{Heap before GC invocations=12 (full 0):
 garbage-first heap   total 157696K, used 112845K [0x0000000080000000, 0x0000000100000000)
  region size 1024K, 64 young (65536K), 3 survivors (3072K)
 Metaspace       used 64942K, capacity 66590K, committed 66636K, reserved 1107968K
  class space    used 8171K, capacity 8758K, committed 8780K, reserved 1048576K
}
Event: 20.130 GC heap after
{Heap after GC invocations=13 (full 0):
 garbage-first heap   total 157696K, used 54779K [0x0000000080000000, 0x0000000100000000)
  region size 1024K, 7 young (7168K), 7 survivors (7168K)
 Metaspace       used 64942K, capacity 66590K, committed 66636K, reserved 1107968K
  class space    used 8171K, capacity 8758K, committed 8780K, reserved 1048576K
}
Event: 25.652 GC heap before
{Heap before GC invocations=14 (full 0):
 garbage-first heap   total 157696K, used 116219K [0x0000000080000000, 0x0000000100000000)
  region size 1024K, 67 young (68608K), 7 survivors (7168K)
 Metaspace       used 68419K, capacity 70048K, committed 70220K, reserved 1110016K
  class space    used 8592K, capacity 9182K, committed 9292K, reserved 1048576K
}
Event: 25.680 GC heap after
{Heap after GC invocations=15 (full 0):
 garbage-first heap   total 157696K, used 60279K [0x0000000080000000, 0x0000000100000000)
  region size 1024K, 6 young (6144K), 6 survivors (6144K)
 Metaspace       used 68419K, capacity 70048K, committed 70220K, reserved 1110016K
  class space    used 8592K, capacity 9182K, committed 9292K, reserved 1048576K
}

